<?xml version="1.0" encoding="UTF-8"?>
<!-- Generated by org.testng.reporters.JUnitReportReporter -->
<testsuite hostname="LAPTOP-4MJVIKIS" failures="0" tests="1" name="test.AddCustomerTest" time="21.510" errors="0" timestamp="2023-02-08T15:23:31 EST" skipped="0">
  <testcase classname="test.AddCustomerTest" name="validUserShouldBeAbleToAddCustomer" time="21.510"/>
  <system-out/>
</testsuite> <!-- test.AddCustomerTest -->
