<?xml version="1.0" encoding="UTF-8"?>
<!-- Generated by org.testng.reporters.JUnitReportReporter -->
<testsuite hostname="LAPTOP-4MJVIKIS" failures="0" tests="1" name="test.LoginTest" time="11.142" errors="0" timestamp="2023-02-07T16:52:26 EST" skipped="0">
  <testcase classname="test.LoginTest" name="validUserShouldBeAbleToLogin" time="11.142"/>
  <system-out/>
</testsuite> <!-- test.LoginTest -->
